2025-10-22 11:25:09,938 - INFO - --- INICIANDO SCRIPT DE SINCRONIZAÇÃO COM BANCO DE DADOS ---
2025-10-22 11:25:09,939 - INFO - 
================================================================================
Processando arquivo: Extracao_CLOJ_CORRETORA_DE_SEGUROS_EIRE_2025-10-21_23-17-39_backup.json
================================================================================
2025-10-22 11:25:09,970 - INFO - Arquivo lido com sucesso usando encoding: utf-8
2025-10-22 11:25:09,970 - INFO - Criando mapa de ID do cliente para CPF...
2025-10-22 11:25:09,971 - INFO - Mapa criado com 270 entradas.
2025-10-22 11:25:09,975 - INFO - Iniciando sincronização de clientes para 'Cloj Corretora De Seguros Eire'...
2025-10-22 11:25:09,976 - INFO - Tentando conectar ao servidor: aws-1-us-east-2.pooler.supabas...
2025-10-22 11:25:15,775 - INFO - Conexão com banco estabelecida com sucesso.
2025-10-22 11:25:17,781 - INFO - Broker ID para 'Cloj Corretora De Seguros Eire' é 131.
2025-10-22 11:29:48,877 - INFO - Sincronização de clientes concluída. 0 novos clientes inseridos.
2025-10-22 11:29:48,877 - INFO - Iniciando sincronização de Status Propostas...
2025-10-22 11:29:48,877 - INFO - Tentando conectar ao servidor: aws-1-us-east-2.pooler.supabas...
2025-10-22 11:29:54,974 - INFO - Conexão com banco estabelecida com sucesso.
2025-10-22 11:31:02,163 - WARNING - Proposta 203006722601 pulada por não ter data de vencimento válida.
2025-10-22 11:31:07,187 - WARNING - Proposta 202588162473 pulada por não ter data de vencimento válida.
2025-10-22 11:31:17,226 - INFO - Sincronização de Propostas concluída. Inseridas: 2, Atualizadas: 25, Existentes (sem mudança): 0, Puladas: 2.
2025-10-22 11:31:17,227 - INFO - Iniciando sincronização de Pagamentos Pendentes...
2025-10-22 11:31:17,228 - INFO - Tentando conectar ao servidor: aws-1-us-east-2.pooler.supabas...
2025-10-22 11:31:23,237 - INFO - Conexão com banco estabelecida com sucesso.
2025-10-22 11:32:25,532 - INFO - Sincronização de Inadimplentes concluída. Inseridos: 9, Atualizados: 9, Existentes (sem mudança): 0, Sem atraso: 6, Pulados: 0.
2025-10-22 11:32:25,533 - INFO - Iniciando sincronização de Produtos Vida...
2025-10-22 11:32:25,534 - INFO - Tentando conectar ao servidor: aws-1-us-east-2.pooler.supabas...
2025-10-22 11:32:32,534 - INFO - Conexão com banco estabelecida com sucesso.
2025-10-22 12:49:59,180 - INFO - Sincronização de Produtos Vida concluída. Inseridos: 11, Atualizados: 1534, Existentes (sem mudança): 0, Cancelados (ignorados): 479, Pulados por dados: 0.
2025-10-22 12:49:59,180 - INFO - Iniciando sincronização de Produtos Previdência...
2025-10-22 12:49:59,180 - INFO - Tentando conectar ao servidor: aws-1-us-east-2.pooler.supabas...
2025-10-22 12:50:05,222 - INFO - Conexão com banco estabelecida com sucesso.
2025-10-22 12:50:46,376 - INFO - Sincronização de Produtos Previdência concluída. Inseridos: 0, Atualizados: 13, Existentes (sem mudança): 0, Cancelados (ignorados): 52, Pulados por dados: 0.
2025-10-22 12:50:46,378 - INFO - Arquivo 'Extracao_CLOJ_CORRETORA_DE_SEGUROS_EIRE_2025-10-21_23-17-39_backup.json' processado e movido.
2025-10-22 12:50:46,380 - INFO - 
================================================================================
Processando arquivo: Extracao_ONLY_WAY_LTDA_2025-10-21_22-42-24_backup.json
================================================================================
2025-10-22 12:50:46,380 - INFO - Arquivo lido com sucesso usando encoding: utf-8
2025-10-22 12:50:46,380 - INFO - Criando mapa de ID do cliente para CPF...
2025-10-22 12:50:46,380 - INFO - Mapa criado com 1 entradas.
2025-10-22 12:50:46,380 - INFO - Iniciando sincronização de clientes para 'Only Way Ltda'...
2025-10-22 12:50:46,396 - INFO - Tentando conectar ao servidor: aws-1-us-east-2.pooler.supabas...
2025-10-22 12:50:52,401 - INFO - Conexão com banco estabelecida com sucesso.
2025-10-22 12:50:54,409 - INFO - Broker ID para 'Only Way Ltda' é 161.
2025-10-22 12:50:56,417 - INFO - Sincronização de clientes concluída. 0 novos clientes inseridos.
2025-10-22 12:50:56,418 - INFO - Iniciando sincronização de Status Propostas...
2025-10-22 12:50:56,419 - INFO - Tentando conectar ao servidor: aws-1-us-east-2.pooler.supabas...
2025-10-22 12:51:02,445 - INFO - Conexão com banco estabelecida com sucesso.
2025-10-22 12:51:07,469 - INFO - Sincronização de Propostas concluída. Inseridas: 0, Atualizadas: 1, Existentes (sem mudança): 0, Puladas: 0.
2025-10-22 12:51:07,470 - INFO - Iniciando sincronização de Produtos Vida...
2025-10-22 12:51:07,470 - INFO - Tentando conectar ao servidor: aws-1-us-east-2.pooler.supabas...
2025-10-22 12:51:13,483 - INFO - Conexão com banco estabelecida com sucesso.
2025-10-22 12:51:33,589 - INFO - Sincronização de Produtos Vida concluída. Inseridos: 0, Atualizados: 6, Existentes (sem mudança): 0, Cancelados (ignorados): 0, Pulados por dados: 0.
2025-10-22 12:51:33,592 - INFO - Arquivo 'Extracao_ONLY_WAY_LTDA_2025-10-21_22-42-24_backup.json' processado e movido.
2025-10-22 12:51:33,592 - INFO - 
================================================================================
Processando arquivo: Extracao_ROUSSELET_CORR_DE_SEG_DE_VIDA_2025-10-21_22-46-08_backup.json
================================================================================
2025-10-22 12:51:33,618 - INFO - Arquivo lido com sucesso usando encoding: utf-8
2025-10-22 12:51:33,619 - INFO - Criando mapa de ID do cliente para CPF...
2025-10-22 12:51:33,619 - INFO - Mapa criado com 75 entradas.
2025-10-22 12:51:33,619 - INFO - Iniciando sincronização de clientes para 'Rousselet Corr De Seg De Vida'...
2025-10-22 12:51:33,620 - INFO - Tentando conectar ao servidor: aws-1-us-east-2.pooler.supabas...
2025-10-22 12:51:39,613 - INFO - Conexão com banco estabelecida com sucesso.
2025-10-22 12:51:41,606 - INFO - Broker ID para 'Rousselet Corr De Seg De Vida' é 173.
2025-10-22 12:52:57,945 - INFO - Sincronização de clientes concluída. 0 novos clientes inseridos.
2025-10-22 12:52:57,946 - INFO - Iniciando sincronização de Status Propostas...
2025-10-22 12:52:57,947 - INFO - Tentando conectar ao servidor: aws-1-us-east-2.pooler.supabas...
2025-10-22 12:53:03,980 - INFO - Conexão com banco estabelecida com sucesso.
2025-10-22 12:54:30,329 - INFO - Sincronização de Propostas concluída. Inseridas: 0, Atualizadas: 28, Existentes (sem mudança): 0, Puladas: 0.
2025-10-22 12:54:30,330 - INFO - Iniciando sincronização de Pagamentos Pendentes...
2025-10-22 12:54:30,331 - INFO - Tentando conectar ao servidor: aws-1-us-east-2.pooler.supabas...
2025-10-22 12:54:36,354 - INFO - Conexão com banco estabelecida com sucesso.
2025-10-22 12:54:47,384 - INFO - Sincronização de Inadimplentes concluída. Inseridos: 0, Atualizados: 3, Existentes (sem mudança): 0, Sem atraso: 0, Pulados: 0.
2025-10-22 12:54:47,384 - INFO - Iniciando sincronização de Produtos Vida...
2025-10-22 12:54:47,384 - INFO - Tentando conectar ao servidor: aws-1-us-east-2.pooler.supabas...
2025-10-22 12:54:53,421 - INFO - Conexão com banco estabelecida com sucesso.
2025-10-22 13:17:19,838 - INFO - Sincronização de Produtos Vida concluída. Inseridos: 0, Atualizados: 447, Existentes (sem mudança): 0, Cancelados (ignorados): 35, Pulados por dados: 0.
2025-10-22 13:17:19,839 - INFO - Iniciando sincronização de Produtos Previdência...
2025-10-22 13:17:19,840 - INFO - Tentando conectar ao servidor: aws-1-us-east-2.pooler.supabas...
2025-10-22 13:17:25,856 - INFO - Conexão com banco estabelecida com sucesso.
2025-10-22 13:17:57,989 - INFO - Sincronização de Produtos Previdência concluída. Inseridos: 0, Atualizados: 10, Existentes (sem mudança): 0, Cancelados (ignorados): 0, Pulados por dados: 0.
2025-10-22 13:17:57,993 - INFO - Arquivo 'Extracao_ROUSSELET_CORR_DE_SEG_DE_VIDA_2025-10-21_22-46-08_backup.json' processado e movido.
2025-10-22 13:17:57,993 - INFO - 
================================================================================
Processando arquivo: Extracao_SALUS_TUA_CORRETORA_DE_SEGUROS_2025-10-21_22-47-27_backup.json
================================================================================
2025-10-22 13:17:58,003 - INFO - Arquivo lido com sucesso usando encoding: utf-8
2025-10-22 13:17:58,003 - WARNING - Não foi possível obter o Broker ID a partir da seção de clientes. Tentando buscar pelo nome 'Salus Tua Corretora De Seguros'...
2025-10-22 13:17:58,003 - INFO - Tentando conectar ao servidor: aws-1-us-east-2.pooler.supabas...
2025-10-22 13:18:04,016 - INFO - Conexão com banco estabelecida com sucesso.
2025-10-22 13:18:06,022 - INFO - Broker ID para 'Salus Tua Corretora De Seguros' encontrado: 174.
2025-10-22 13:18:06,024 - INFO - Arquivo 'Extracao_SALUS_TUA_CORRETORA_DE_SEGUROS_2025-10-21_22-47-27_backup.json' processado e movido.
2025-10-22 13:18:06,024 - INFO - 
================================================================================
Processando arquivo: Extracao_SL_HANZEN_CORRETORA_DE_SEGUROS_2025-10-21_22-51-42_backup.json
================================================================================
2025-10-22 13:18:06,044 - INFO - Arquivo lido com sucesso usando encoding: utf-8
2025-10-22 13:18:06,045 - INFO - Criando mapa de ID do cliente para CPF...
2025-10-22 13:18:06,045 - INFO - Mapa criado com 93 entradas.
2025-10-22 13:18:06,045 - INFO - Iniciando sincronização de clientes para 'Sl Hanzen Corretora De Seguros'...
2025-10-22 13:18:06,045 - INFO - Tentando conectar ao servidor: aws-1-us-east-2.pooler.supabas...
2025-10-22 13:18:12,042 - INFO - Conexão com banco estabelecida com sucesso.
2025-10-22 13:18:14,056 - INFO - Broker ID para 'Sl Hanzen Corretora De Seguros' é 175.
2025-10-22 13:19:49,425 - INFO - Sincronização de clientes concluída. 1 novos clientes inseridos.
2025-10-22 13:19:49,425 - INFO - Iniciando sincronização de Status Propostas...
2025-10-22 13:19:49,425 - INFO - Tentando conectar ao servidor: aws-1-us-east-2.pooler.supabas...
2025-10-22 13:19:55,457 - INFO - Conexão com banco estabelecida com sucesso.
2025-10-22 13:20:59,701 - WARNING - Proposta 202568888042 pulada por não ter data de vencimento válida.
2025-10-22 13:21:08,749 - INFO - Sincronização de Propostas concluída. Inseridas: 2, Atualizadas: 22, Existentes (sem mudança): 0, Puladas: 1.
2025-10-22 13:21:08,751 - INFO - Iniciando sincronização de Pagamentos Pendentes...
2025-10-22 13:21:08,751 - INFO - Tentando conectar ao servidor: aws-1-us-east-2.pooler.supabas...
2025-10-22 13:21:14,763 - INFO - Conexão com banco estabelecida com sucesso.
2025-10-22 13:21:38,862 - INFO - Sincronização de Inadimplentes concluída. Inseridos: 4, Atualizados: 3, Existentes (sem mudança): 0, Sem atraso: 1, Pulados: 0.
2025-10-22 13:21:38,862 - INFO - Iniciando sincronização de Produtos Vida...
2025-10-22 13:21:38,862 - INFO - Tentando conectar ao servidor: aws-1-us-east-2.pooler.supabas...
2025-10-22 13:21:44,893 - INFO - Conexão com banco estabelecida com sucesso.
2025-10-22 13:50:05,691 - INFO - Sincronização de Produtos Vida concluída. Inseridos: 9, Atualizados: 606, Existentes (sem mudança): 0, Cancelados (ignorados): 88, Pulados por dados: 0.
2025-10-22 13:50:05,695 - INFO - Iniciando sincronização de Produtos Previdência...
2025-10-22 13:50:05,695 - INFO - Tentando conectar ao servidor: aws-1-us-east-2.pooler.supabas...
2025-10-22 13:50:11,713 - INFO - Conexão com banco estabelecida com sucesso.
2025-10-22 13:52:01,150 - INFO - Sincronização de Produtos Previdência concluída. Inseridos: 2, Atualizados: 34, Existentes (sem mudança): 0, Cancelados (ignorados): 1, Pulados por dados: 0.
2025-10-22 13:52:01,153 - INFO - Arquivo 'Extracao_SL_HANZEN_CORRETORA_DE_SEGUROS_2025-10-21_22-51-42_backup.json' processado e movido.
2025-10-22 13:52:01,154 - INFO - 
================================================================================
Processando arquivo: Extracao_TRIAN_CONSULTORIA_FINANCEIRA_L_2025-10-21_22-56-46_backup.json
================================================================================
2025-10-22 13:52:01,171 - INFO - Arquivo lido com sucesso usando encoding: utf-8
2025-10-22 13:52:01,171 - INFO - Criando mapa de ID do cliente para CPF...
2025-10-22 13:52:01,172 - INFO - Mapa criado com 12 entradas.
2025-10-22 13:52:01,172 - INFO - Iniciando sincronização de clientes para 'Trian Consultoria Financeira L'...
2025-10-22 13:52:01,172 - INFO - Tentando conectar ao servidor: aws-1-us-east-2.pooler.supabas...
2025-10-22 13:52:07,174 - INFO - Conexão com banco estabelecida com sucesso.
2025-10-22 13:52:09,184 - INFO - Broker ID para 'Trian Consultoria Financeira L' é 177.
2025-10-22 13:52:21,232 - INFO - Sincronização de clientes concluída. 0 novos clientes inseridos.
2025-10-22 13:52:21,232 - INFO - Iniciando sincronização de Pagamentos Pendentes...
2025-10-22 13:52:21,233 - INFO - Tentando conectar ao servidor: aws-1-us-east-2.pooler.supabas...
2025-10-22 13:52:28,263 - INFO - Conexão com banco estabelecida com sucesso.
2025-10-22 13:52:36,291 - INFO - Sincronização de Inadimplentes concluída. Inseridos: 1, Atualizados: 1, Existentes (sem mudança): 0, Sem atraso: 0, Pulados: 0.
2025-10-22 13:52:36,291 - INFO - Iniciando sincronização de Produtos Vida...
2025-10-22 13:52:36,293 - INFO - Tentando conectar ao servidor: aws-1-us-east-2.pooler.supabas...
2025-10-22 13:52:42,315 - INFO - Conexão com banco estabelecida com sucesso.
2025-10-22 13:53:58,626 - INFO - Sincronização de Produtos Vida concluída. Inseridos: 0, Atualizados: 25, Existentes (sem mudança): 0, Cancelados (ignorados): 0, Pulados por dados: 0.
2025-10-22 13:53:58,627 - INFO - Iniciando sincronização de Produtos Previdência...
2025-10-22 13:53:58,628 - INFO - Tentando conectar ao servidor: aws-1-us-east-2.pooler.supabas...
2025-10-22 13:54:04,652 - INFO - Conexão com banco estabelecida com sucesso.
2025-10-22 13:55:01,889 - INFO - Sincronização de Produtos Previdência concluída. Inseridos: 0, Atualizados: 19, Existentes (sem mudança): 0, Cancelados (ignorados): 0, Pulados por dados: 0.
2025-10-22 13:55:01,894 - INFO - Arquivo 'Extracao_TRIAN_CONSULTORIA_FINANCEIRA_L_2025-10-21_22-56-46_backup.json' processado e movido.
2025-10-22 13:55:01,894 - INFO - 
================================================================================
Processando arquivo: Extracao_TRIPLO_B_CORRETORA_DE_SEGUROS_2025-10-21_22-58-19_backup.json
================================================================================
2025-10-22 13:55:01,909 - INFO - Arquivo lido com sucesso usando encoding: utf-8
2025-10-22 13:55:01,910 - INFO - Criando mapa de ID do cliente para CPF...
2025-10-22 13:55:01,910 - INFO - Mapa criado com 1 entradas.
2025-10-22 13:55:01,910 - INFO - Iniciando sincronização de clientes para 'Triplo B Corretora De Seguros'...
2025-10-22 13:55:01,910 - INFO - Tentando conectar ao servidor: aws-1-us-east-2.pooler.supabas...
2025-10-22 13:55:07,941 - INFO - Conexão com banco estabelecida com sucesso.
2025-10-22 13:55:09,921 - INFO - Broker ID para 'Triplo B Corretora De Seguros' é 178.
2025-10-22 13:55:11,929 - INFO - Sincronização de clientes concluída. 0 novos clientes inseridos.
2025-10-22 13:55:11,930 - INFO - Iniciando sincronização de Status Propostas...
2025-10-22 13:55:11,931 - INFO - Tentando conectar ao servidor: aws-1-us-east-2.pooler.supabas...
2025-10-22 13:55:17,953 - INFO - Conexão com banco estabelecida com sucesso.
2025-10-22 13:55:22,974 - INFO - Sincronização de Propostas concluída. Inseridas: 0, Atualizadas: 1, Existentes (sem mudança): 0, Puladas: 0.
2025-10-22 13:55:22,975 - INFO - Iniciando sincronização de Produtos Vida...
2025-10-22 13:55:22,975 - INFO - Tentando conectar ao servidor: aws-1-us-east-2.pooler.supabas...
2025-10-22 13:55:26,607 - INFO - Conexão com banco estabelecida com sucesso.
2025-10-22 13:55:39,043 - INFO - Sincronização de Produtos Vida concluída. Inseridos: 0, Atualizados: 4, Existentes (sem mudança): 0, Cancelados (ignorados): 0, Pulados por dados: 0.
2025-10-22 13:55:39,044 - INFO - Arquivo 'Extracao_TRIPLO_B_CORRETORA_DE_SEGUROS_2025-10-21_22-58-19_backup.json' processado e movido.
2025-10-22 13:55:39,045 - INFO - 
================================================================================
Processando arquivo: Extracao_TR_FINANCIAL_CORRETORA_2025-10-21_22-54-55_backup.json
================================================================================
2025-10-22 13:55:39,062 - INFO - Arquivo lido com sucesso usando encoding: utf-8
2025-10-22 13:55:39,062 - INFO - Criando mapa de ID do cliente para CPF...
2025-10-22 13:55:39,062 - INFO - Mapa criado com 20 entradas.
2025-10-22 13:55:39,063 - INFO - Iniciando sincronização de clientes para 'Tr Financial Corretora'...
2025-10-22 13:55:39,063 - INFO - Tentando conectar ao servidor: aws-1-us-east-2.pooler.supabas...
2025-10-22 13:55:45,063 - INFO - Conexão com banco estabelecida com sucesso.
2025-10-22 13:55:47,071 - INFO - Broker ID para 'Tr Financial Corretora' é 176.
2025-10-22 13:56:08,163 - INFO - Sincronização de clientes concluída. 0 novos clientes inseridos.
2025-10-22 13:56:08,164 - INFO - Iniciando sincronização de Pagamentos Pendentes...
2025-10-22 13:56:08,164 - INFO - Tentando conectar ao servidor: aws-1-us-east-2.pooler.supabas...
2025-10-22 13:56:14,187 - INFO - Conexão com banco estabelecida com sucesso.
2025-10-22 13:56:24,226 - INFO - Sincronização de Inadimplentes concluída. Inseridos: 0, Atualizados: 3, Existentes (sem mudança): 0, Sem atraso: 0, Pulados: 0.
2025-10-22 13:56:24,226 - INFO - Iniciando sincronização de Produtos Vida...
2025-10-22 13:56:24,227 - INFO - Tentando conectar ao servidor: aws-1-us-east-2.pooler.supabas...
2025-10-22 13:56:30,249 - INFO - Conexão com banco estabelecida com sucesso.
2025-10-22 13:56:30,249 - INFO - Sincronização de Produtos Vida concluída. Inseridos: 0, Atualizados: 0, Existentes (sem mudança): 0, Cancelados (ignorados): 9, Pulados por dados: 0.
2025-10-22 13:56:30,250 - INFO - Iniciando sincronização de Produtos Previdência...
2025-10-22 13:56:30,250 - INFO - Tentando conectar ao servidor: aws-1-us-east-2.pooler.supabas...
2025-10-22 13:56:36,282 - INFO - Conexão com banco estabelecida com sucesso.
2025-10-22 13:57:44,557 - INFO - Sincronização de Produtos Previdência concluída. Inseridos: 0, Atualizados: 22, Existentes (sem mudança): 0, Cancelados (ignorados): 2, Pulados por dados: 0.
2025-10-22 13:57:44,559 - INFO - Arquivo 'Extracao_TR_FINANCIAL_CORRETORA_2025-10-21_22-54-55_backup.json' processado e movido.
2025-10-22 13:57:44,560 - INFO - 
================================================================================
Processando arquivo: Extracao_VAG_PLANEJAMENTO_FIN_E_CORR_DE_2025-10-21_23-00-10_backup.json
================================================================================
2025-10-22 13:57:44,579 - INFO - Arquivo lido com sucesso usando encoding: utf-8
2025-10-22 13:57:44,579 - INFO - Criando mapa de ID do cliente para CPF...
2025-10-22 13:57:44,580 - INFO - Mapa criado com 5 entradas.
2025-10-22 13:57:44,580 - INFO - Iniciando sincronização de clientes para 'Vag Planejamento Fin E Corr De'...
2025-10-22 13:57:44,580 - INFO - Tentando conectar ao servidor: aws-1-us-east-2.pooler.supabas...
2025-10-22 13:57:50,582 - INFO - Conexão com banco estabelecida com sucesso.
2025-10-22 13:57:52,589 - INFO - Broker ID para 'Vag Planejamento Fin E Corr De' é 180.
2025-10-22 13:57:59,605 - INFO - Sincronização de clientes concluída. 1 novos clientes inseridos.
2025-10-22 13:57:59,605 - INFO - Iniciando sincronização de Status Propostas...
2025-10-22 13:57:59,621 - INFO - Tentando conectar ao servidor: aws-1-us-east-2.pooler.supabas...
2025-10-22 13:58:05,641 - INFO - Conexão com banco estabelecida com sucesso.
2025-10-22 13:58:07,648 - INFO - CPF 6448214186 não encontrado. Criando novo cliente simplificado: MATHEUS ARTUR DUTRA ALVES
2025-10-22 13:58:08,652 - INFO - Novo cliente criado com ID: 3540
2025-10-22 13:58:14,679 - INFO - Sincronização de Propostas concluída. Inseridas: 1, Atualizadas: 1, Existentes (sem mudança): 0, Puladas: 0.
2025-10-22 13:58:14,680 - INFO - Iniciando sincronização de Pagamentos Pendentes...
2025-10-22 13:58:14,683 - INFO - Tentando conectar ao servidor: aws-1-us-east-2.pooler.supabas...
2025-10-22 13:58:20,704 - INFO - Conexão com banco estabelecida com sucesso.
2025-10-22 13:58:28,732 - INFO - Sincronização de Inadimplentes concluída. Inseridos: 0, Atualizados: 2, Existentes (sem mudança): 0, Sem atraso: 0, Pulados: 0.
2025-10-22 13:58:28,737 - INFO - Iniciando sincronização de Produtos Vida...
2025-10-22 13:58:28,738 - INFO - Tentando conectar ao servidor: aws-1-us-east-2.pooler.supabas...
2025-10-22 13:58:34,756 - INFO - Conexão com banco estabelecida com sucesso.
2025-10-22 13:59:39,019 - INFO - Sincronização de Produtos Vida concluída. Inseridos: 3, Atualizados: 21, Existentes (sem mudança): 0, Cancelados (ignorados): 0, Pulados por dados: 0.
2025-10-22 13:59:39,020 - INFO - Iniciando sincronização de Produtos Previdência...
2025-10-22 13:59:39,021 - INFO - Tentando conectar ao servidor: aws-1-us-east-2.pooler.supabas...
2025-10-22 13:59:47,055 - INFO - Conexão com banco estabelecida com sucesso.
2025-10-22 13:59:51,068 - INFO - Sincronização de Produtos Previdência concluída. Inseridos: 0, Atualizados: 1, Existentes (sem mudança): 0, Cancelados (ignorados): 0, Pulados por dados: 0.
2025-10-22 13:59:51,073 - INFO - Arquivo 'Extracao_VAG_PLANEJAMENTO_FIN_E_CORR_DE_2025-10-21_23-00-10_backup.json' processado e movido.
2025-10-22 13:59:51,073 - INFO - 
================================================================================
Processando arquivo: Extracao_VT_WEALTH_CLUB_CORRETORA_DE_SE_2025-10-21_23-02-03_backup.json
================================================================================
2025-10-22 13:59:51,090 - INFO - Arquivo lido com sucesso usando encoding: utf-8
2025-10-22 13:59:51,091 - INFO - Criando mapa de ID do cliente para CPF...
2025-10-22 13:59:51,091 - INFO - Mapa criado com 13 entradas.
2025-10-22 13:59:51,091 - INFO - Iniciando sincronização de clientes para 'Vt Wealth Club Corretora De Se'...
2025-10-22 13:59:51,091 - INFO - Tentando conectar ao servidor: aws-1-us-east-2.pooler.supabas...
2025-10-22 13:59:57,092 - INFO - Conexão com banco estabelecida com sucesso.
2025-10-22 13:59:59,111 - INFO - Broker ID para 'Vt Wealth Club Corretora De Se' é 182.
2025-10-22 14:00:11,151 - INFO - Sincronização de clientes concluída. 0 novos clientes inseridos.
2025-10-22 14:00:11,152 - INFO - Iniciando sincronização de Status Propostas...
2025-10-22 14:00:11,152 - INFO - Tentando conectar ao servidor: aws-1-us-east-2.pooler.supabas...
2025-10-22 14:00:17,177 - INFO - Conexão com banco estabelecida com sucesso.
2025-10-22 14:00:19,184 - INFO - CPF 41243745851 não encontrado. Criando novo cliente simplificado: MARIA CAROLINA RIBEIRO DE ASSUMPCAO MORO
2025-10-22 14:00:20,197 - INFO - Novo cliente criado com ID: 3541
2025-10-22 14:00:23,203 - INFO - Sincronização de Propostas concluída. Inseridas: 1, Atualizadas: 0, Existentes (sem mudança): 0, Puladas: 0.
2025-10-22 14:00:23,203 - INFO - Iniciando sincronização de Produtos Vida...
2025-10-22 14:00:23,204 - INFO - Tentando conectar ao servidor: aws-1-us-east-2.pooler.supabas...
2025-10-22 14:00:29,227 - INFO - Conexão com banco estabelecida com sucesso.
2025-10-22 14:02:25,691 - INFO - Sincronização de Produtos Vida concluída. Inseridos: 0, Atualizados: 40, Existentes (sem mudança): 0, Cancelados (ignorados): 11, Pulados por dados: 0.
2025-10-22 14:02:25,692 - INFO - Iniciando sincronização de Produtos Previdência...
2025-10-22 14:02:25,693 - INFO - Tentando conectar ao servidor: aws-1-us-east-2.pooler.supabas...
2025-10-22 14:02:31,765 - INFO - Conexão com banco estabelecida com sucesso.
2025-10-22 14:02:39,747 - INFO - Sincronização de Produtos Previdência concluída. Inseridos: 0, Atualizados: 2, Existentes (sem mudança): 0, Cancelados (ignorados): 0, Pulados por dados: 0.
2025-10-22 14:02:39,749 - INFO - Arquivo 'Extracao_VT_WEALTH_CLUB_CORRETORA_DE_SE_2025-10-21_23-02-03_backup.json' processado e movido.
2025-10-22 14:02:39,750 - INFO - 
--- SINCRONIZAÇÃO CONCLUÍDA ---
